 object name to get timestamps: qc_mc/ITS/MO/Clusters//General/General_Occupancy
 object name to get timestamps: qc_mc/ITS/MO/Tracks/AngularDistribution
 object name to get timestamps: qc_mc/ITS/MO/TracksMc/efficiency_pt
 object name to get timestamps: qc_async/ITS/MO/Clusters//General/General_Occupancy
 object name to get timestamps: qc_async/ITS/MO/Tracks/AngularDistribution
 ------------- run is 544123
 looking for a object with timestamp: 1696561925192 run: 544123 path: qc_async/ITS/MO/Tracks/AssociatedClusterFraction
Problem with qc_mc: cant find timestamp for Run: 544123 due to:  map::at
 looking for a object with timestamp:  run: 544123 path: qc_mc/ITS/MO/Tracks/AssociatedClusterFraction
[ERROR] Can't find correct time stamp for object: AssociatedClusterFraction database: qc_mc in Run: 544123
[ERROR] Problem with receiving number of ROFs for run: 544123 from: ali-qcdbmc-gpn.cern.ch:8083 pass:passMC Task: Tracks Name AssociatedClusterFraction
 looking for a object with timestamp: 1696561925192 run: 544123 path: qc_async/ITS/MO/Clusters/Layer0/ClusterOccupation
 looking for a object with timestamp: 1696561925192 run: 544123 path: qc_async/ITS/MO/Clusters/Layer1/ClusterOccupation
 looking for a object with timestamp: 1696561925192 run: 544123 path: qc_async/ITS/MO/Clusters/Layer2/ClusterOccupation
 looking for a object with timestamp: 1696561925192 run: 544123 path: qc_async/ITS/MO/Clusters/Layer3/ClusterOccupation
 looking for a object with timestamp: 1696561925192 run: 544123 path: qc_async/ITS/MO/Clusters/Layer4/ClusterOccupation
 looking for a object with timestamp: 1696561925192 run: 544123 path: qc_async/ITS/MO/Clusters/Layer5/ClusterOccupation
 looking for a object with timestamp: 1696561925192 run: 544123 path: qc_async/ITS/MO/Clusters/Layer6/ClusterOccupation
Problem with qc_mc: cant find timestamp for Run: 544123 due to:  map::at
 looking for a object with timestamp:  run: 544123 path: qc_mc/ITS/MO/Clusters/Layer0/ClusterOccupation
[ERROR] Can't find correct time stamp for object: Layer0/ClusterOccupation database: qc_mc in Run: 544123
[ERROR] can't open cluster object for average plot for Layer: 0
[ERROR] Null pointer passed to setMinMax! histograms remain unchanged
[ERROR] Null pointer passed to FormatHisto! histograms remain unchanged
[ERROR] Null pointer passed to PlotHisto! histograms will not be plotted
[ERROR] Null pointer passed to performRatio! ratio histograms will not be calculated
 looking for a object with timestamp: 1696561925192 run: 544123 path: qc_async/ITS/MO/Clusters/Layer0/AverageClusterSize
 looking for a object with timestamp: 1696561925192 run: 544123 path: qc_async/ITS/MO/Clusters/Layer1/AverageClusterSize
 looking for a object with timestamp: 1696561925192 run: 544123 path: qc_async/ITS/MO/Clusters/Layer2/AverageClusterSize
 looking for a object with timestamp: 1696561925192 run: 544123 path: qc_async/ITS/MO/Clusters/Layer3/AverageClusterSize
 looking for a object with timestamp: 1696561925192 run: 544123 path: qc_async/ITS/MO/Clusters/Layer4/AverageClusterSize
 looking for a object with timestamp: 1696561925192 run: 544123 path: qc_async/ITS/MO/Clusters/Layer5/AverageClusterSize
 looking for a object with timestamp: 1696561925192 run: 544123 path: qc_async/ITS/MO/Clusters/Layer6/AverageClusterSize
Problem with qc_mc: cant find timestamp for Run: 544123 due to:  map::at
 looking for a object with timestamp:  run: 544123 path: qc_mc/ITS/MO/Clusters/Layer0/AverageClusterSize
[ERROR] Can't find correct time stamp for object: Layer0/AverageClusterSize database: qc_mc in Run: 544123
[ERROR] can't open cluster object for average plot for Layer: 0
[ERROR] Null pointer passed to setMinMax! histograms remain unchanged
[ERROR] Null pointer passed to FormatHisto! histograms remain unchanged
[ERROR] Null pointer passed to PlotHisto! histograms will not be plotted
[ERROR] Null pointer passed to performRatio! ratio histograms will not be calculated
 looking for a object with timestamp: 1696561925192 run: 544123 path: qc_async/ITS/MO/Tracks/AngularDistribution
Problem with qc_mc: cant find timestamp for Run: 544123 due to:  map::at
 looking for a object with timestamp:  run: 544123 path: qc_mc/ITS/MO/Tracks/AngularDistribution
[ERROR] Can't find correct time stamp for object: AngularDistribution database: qc_mc in Run: 544123
[ERROR] Null pointer passed to setMinMax! histograms remain unchanged
[ERROR] Null pointer passed to FormatHisto! histograms remain unchanged
[ERROR] Null pointer passed to PlotHisto! histograms will not be plotted
[ERROR] Null pointer passed to performRatio! ratio histograms will not be calculated
 looking for a object with timestamp: 1696561925192 run: 544123 path: qc_async/ITS/MO/Tracks/EtaDistribution
Problem with qc_mc: cant find timestamp for Run: 544123 due to:  map::at
 looking for a object with timestamp:  run: 544123 path: qc_mc/ITS/MO/Tracks/EtaDistribution
[ERROR] Can't find correct time stamp for object: EtaDistribution database: qc_mc in Run: 544123
[ERROR] Null pointer passed to setMinMax! histograms remain unchanged
[ERROR] Null pointer passed to FormatHisto! histograms remain unchanged
[ERROR] Null pointer passed to PlotHisto! histograms will not be plotted
[ERROR] Null pointer passed to performRatio! ratio histograms will not be calculated
 looking for a object with timestamp: 1696561925192 run: 544123 path: qc_async/ITS/MO/Tracks/PhiDistribution
Problem with qc_mc: cant find timestamp for Run: 544123 due to:  map::at
 looking for a object with timestamp:  run: 544123 path: qc_mc/ITS/MO/Tracks/PhiDistribution
[ERROR] Can't find correct time stamp for object: PhiDistribution database: qc_mc in Run: 544123
[ERROR] Null pointer passed to setMinMax! histograms remain unchanged
[ERROR] Null pointer passed to FormatHisto! histograms remain unchanged
[ERROR] Null pointer passed to PlotHisto! histograms will not be plotted
[ERROR] Null pointer passed to performRatio! ratio histograms will not be calculated
 looking for a object with timestamp: 1696561925192 run: 544123 path: qc_async/ITS/MO/Tracks/VertexZ
Problem with qc_mc: cant find timestamp for Run: 544123 due to:  map::at
 looking for a object with timestamp:  run: 544123 path: qc_mc/ITS/MO/Tracks/VertexZ
[ERROR] Can't find correct time stamp for object: VertexZ database: qc_mc in Run: 544123
[ERROR] Null pointer passed to setMinMax! histograms remain unchanged
[ERROR] Null pointer passed to FormatHisto! histograms remain unchanged
[ERROR] Null pointer passed to PlotHisto! histograms will not be plotted
[ERROR] Null pointer passed to performRatio! ratio histograms will not be calculated
 looking for a object with timestamp: 1696561925192 run: 544123 path: qc_async/ITS/MO/Tracks/NClusters
Problem with qc_mc: cant find timestamp for Run: 544123 due to:  map::at
 looking for a object with timestamp:  run: 544123 path: qc_mc/ITS/MO/Tracks/NClusters
[ERROR] Can't find correct time stamp for object: NClusters database: qc_mc in Run: 544123
[ERROR] Null pointer passed to setMinMax! histograms remain unchanged
[ERROR] Null pointer passed to FormatHisto! histograms remain unchanged
[ERROR] Null pointer passed to PlotHisto! histograms will not be plotted
[ERROR] Null pointer passed to performRatio! ratio histograms will not be calculated
 looking for a object with timestamp: 1696561925192 run: 544123 path: qc_async/ITS/MO//
Problem with qc_mc: cant find timestamp for Run: 544123 due to:  map::at
 looking for a object with timestamp:  run: 544123 path: qc_mc/ITS/MO/TracksMc/efficiency_phi
[ERROR] Can't find correct time stamp for object: efficiency_phi database: qc_mc in Run: 544123
[ERROR] Null pointer passed to setMinMax! histograms remain unchanged
[ERROR] Null pointer passed to FormatHisto! histograms remain unchanged
[ERROR] Null pointer passed to FormatHisto! histograms remain unchanged
[ERROR] Null pointer passed to PlotHisto! histograms will not be plotted
[ERROR] Null pointer passed to PlotHisto! histograms will not be plotted
[ERROR] Null pointer passed to performRatio! ratio histograms will not be calculated
 looking for a object with timestamp: 1696561925192 run: 544123 path: qc_async/ITS/MO//
Problem with qc_mc: cant find timestamp for Run: 544123 due to:  map::at
 looking for a object with timestamp:  run: 544123 path: qc_mc/ITS/MO/TracksMc/efficiency_pt
[ERROR] Can't find correct time stamp for object: efficiency_pt database: qc_mc in Run: 544123
[ERROR] Null pointer passed to setMinMax! histograms remain unchanged
[ERROR] Null pointer passed to FormatHisto! histograms remain unchanged
[ERROR] Null pointer passed to FormatHisto! histograms remain unchanged
[ERROR] Null pointer passed to PlotHisto! histograms will not be plotted
[ERROR] Null pointer passed to PlotHisto! histograms will not be plotted
[ERROR] Null pointer passed to performRatio! ratio histograms will not be calculated
