 object name to get timestamps: qc_mc/ITS/MO/Clusters//General/General_Occupancy
 object name to get timestamps: qc_mc/ITS/MO/Tracks/AngularDistribution
 object name to get timestamps: qc_mc/ITS/MO/TracksMc/efficiency_pt
 object name to get timestamps: qc_async/ITS/MO/Clusters//General/General_Occupancy
 object name to get timestamps: qc_async/ITS/MO/Tracks/AngularDistribution
################################### something wrong during conversion string: LHC23zzf:to 6-digit int due to
################################### something wrong during conversion string: to 6-digit int due to
################################### something wrong during conversion string: LHC23zzg:to 6-digit int due to
################################### something wrong during conversion string: to 6-digit int due to
################################### something wrong during conversion string: LHC23zzh:to 6-digit int due to
 ------------- run is 544013
 looking for a object with timestamp: 1696467736195 run: 544013 path: qc_async/ITS/MO/Tracks/AssociatedClusterFraction
 looking for a object with timestamp: 1696467736195 run: 544013 path: qc_mc/ITS/MO/Tracks/AssociatedClusterFraction
 looking for a object with timestamp: 1696467736195 run: 544013 path: qc_async/ITS/MO/Clusters/Layer0/ClusterOccupation
 looking for a object with timestamp: 1696467736195 run: 544013 path: qc_async/ITS/MO/Clusters/Layer1/ClusterOccupation
 looking for a object with timestamp: 1696467736195 run: 544013 path: qc_async/ITS/MO/Clusters/Layer2/ClusterOccupation
 looking for a object with timestamp: 1696467736195 run: 544013 path: qc_async/ITS/MO/Clusters/Layer3/ClusterOccupation
 looking for a object with timestamp: 1696467736195 run: 544013 path: qc_async/ITS/MO/Clusters/Layer4/ClusterOccupation
 looking for a object with timestamp: 1696467736195 run: 544013 path: qc_async/ITS/MO/Clusters/Layer5/ClusterOccupation
 looking for a object with timestamp: 1696467736195 run: 544013 path: qc_async/ITS/MO/Clusters/Layer6/ClusterOccupation
 looking for a object with timestamp: 1696467736195 run: 544013 path: qc_mc/ITS/MO/Clusters/Layer0/ClusterOccupation
 looking for a object with timestamp: 1696467736195 run: 544013 path: qc_mc/ITS/MO/Clusters/Layer1/ClusterOccupation
 looking for a object with timestamp: 1696467736195 run: 544013 path: qc_mc/ITS/MO/Clusters/Layer2/ClusterOccupation
 looking for a object with timestamp: 1696467736195 run: 544013 path: qc_mc/ITS/MO/Clusters/Layer3/ClusterOccupation
 looking for a object with timestamp: 1696467736195 run: 544013 path: qc_mc/ITS/MO/Clusters/Layer4/ClusterOccupation
 looking for a object with timestamp: 1696467736195 run: 544013 path: qc_mc/ITS/MO/Clusters/Layer5/ClusterOccupation
 looking for a object with timestamp: 1696467736195 run: 544013 path: qc_mc/ITS/MO/Clusters/Layer6/ClusterOccupation
 looking for a object with timestamp: 1696467736195 run: 544013 path: qc_async/ITS/MO/Clusters/Layer0/AverageClusterSize
 looking for a object with timestamp: 1696467736195 run: 544013 path: qc_async/ITS/MO/Clusters/Layer1/AverageClusterSize
 looking for a object with timestamp: 1696467736195 run: 544013 path: qc_async/ITS/MO/Clusters/Layer2/AverageClusterSize
 looking for a object with timestamp: 1696467736195 run: 544013 path: qc_async/ITS/MO/Clusters/Layer3/AverageClusterSize
 looking for a object with timestamp: 1696467736195 run: 544013 path: qc_async/ITS/MO/Clusters/Layer4/AverageClusterSize
 looking for a object with timestamp: 1696467736195 run: 544013 path: qc_async/ITS/MO/Clusters/Layer5/AverageClusterSize
 looking for a object with timestamp: 1696467736195 run: 544013 path: qc_async/ITS/MO/Clusters/Layer6/AverageClusterSize
 looking for a object with timestamp: 1696467736195 run: 544013 path: qc_mc/ITS/MO/Clusters/Layer0/AverageClusterSize
 looking for a object with timestamp: 1696467736195 run: 544013 path: qc_mc/ITS/MO/Clusters/Layer1/AverageClusterSize
 looking for a object with timestamp: 1696467736195 run: 544013 path: qc_mc/ITS/MO/Clusters/Layer2/AverageClusterSize
 looking for a object with timestamp: 1696467736195 run: 544013 path: qc_mc/ITS/MO/Clusters/Layer3/AverageClusterSize
 looking for a object with timestamp: 1696467736195 run: 544013 path: qc_mc/ITS/MO/Clusters/Layer4/AverageClusterSize
 looking for a object with timestamp: 1696467736195 run: 544013 path: qc_mc/ITS/MO/Clusters/Layer5/AverageClusterSize
 looking for a object with timestamp: 1696467736195 run: 544013 path: qc_mc/ITS/MO/Clusters/Layer6/AverageClusterSize
 looking for a object with timestamp: 1696467736195 run: 544013 path: qc_async/ITS/MO/Tracks/AngularDistribution
 looking for a object with timestamp: 1696467736195 run: 544013 path: qc_mc/ITS/MO/Tracks/AngularDistribution
 looking for a object with timestamp: 1696467736195 run: 544013 path: qc_async/ITS/MO/Tracks/EtaDistribution
 looking for a object with timestamp: 1696467736195 run: 544013 path: qc_mc/ITS/MO/Tracks/EtaDistribution
 looking for a object with timestamp: 1696467736195 run: 544013 path: qc_async/ITS/MO/Tracks/PhiDistribution
 looking for a object with timestamp: 1696467736195 run: 544013 path: qc_mc/ITS/MO/Tracks/PhiDistribution
 looking for a object with timestamp: 1696467736195 run: 544013 path: qc_async/ITS/MO/Tracks/VertexZ
 looking for a object with timestamp: 1696467736195 run: 544013 path: qc_mc/ITS/MO/Tracks/VertexZ
 looking for a object with timestamp: 1696467736195 run: 544013 path: qc_async/ITS/MO/Tracks/NClusters
 looking for a object with timestamp: 1696467736195 run: 544013 path: qc_mc/ITS/MO/Tracks/NClusters
 looking for a object with timestamp: 1696467736195 run: 544013 path: qc_async/ITS/MO//
 looking for a object with timestamp: 1696467736195 run: 544013 path: qc_mc/ITS/MO/TracksMc/efficiency_phi
[ERROR] Null pointer passed to FormatHisto! histograms remain unchanged
[ERROR] Null pointer passed to setMinMax! histograms remain unchanged
[ERROR] Null pointer passed to PlotHisto! histograms will not be plotted
[ERROR] Null pointer passed to performRatio! ratio histograms will not be calculated
 looking for a object with timestamp: 1696467736195 run: 544013 path: qc_async/ITS/MO//
 looking for a object with timestamp: 1696467736195 run: 544013 path: qc_mc/ITS/MO/TracksMc/efficiency_pt
[ERROR] Null pointer passed to FormatHisto! histograms remain unchanged
[ERROR] Null pointer passed to setMinMax! histograms remain unchanged
[ERROR] Null pointer passed to PlotHisto! histograms will not be plotted
[ERROR] Null pointer passed to performRatio! ratio histograms will not be calculated
 ------------- run is 544028
 looking for a object with timestamp: 1696481828572 run: 544028 path: qc_async/ITS/MO/Tracks/AssociatedClusterFraction
 looking for a object with timestamp: 1696481828572 run: 544028 path: qc_mc/ITS/MO/Tracks/AssociatedClusterFraction
 looking for a object with timestamp: 1696481828572 run: 544028 path: qc_async/ITS/MO/Clusters/Layer0/ClusterOccupation
 looking for a object with timestamp: 1696481828572 run: 544028 path: qc_async/ITS/MO/Clusters/Layer1/ClusterOccupation
 looking for a object with timestamp: 1696481828572 run: 544028 path: qc_async/ITS/MO/Clusters/Layer2/ClusterOccupation
 looking for a object with timestamp: 1696481828572 run: 544028 path: qc_async/ITS/MO/Clusters/Layer3/ClusterOccupation
 looking for a object with timestamp: 1696481828572 run: 544028 path: qc_async/ITS/MO/Clusters/Layer4/ClusterOccupation
 looking for a object with timestamp: 1696481828572 run: 544028 path: qc_async/ITS/MO/Clusters/Layer5/ClusterOccupation
 looking for a object with timestamp: 1696481828572 run: 544028 path: qc_async/ITS/MO/Clusters/Layer6/ClusterOccupation
 looking for a object with timestamp: 1696481828572 run: 544028 path: qc_mc/ITS/MO/Clusters/Layer0/ClusterOccupation
 looking for a object with timestamp: 1696481828572 run: 544028 path: qc_mc/ITS/MO/Clusters/Layer1/ClusterOccupation
 looking for a object with timestamp: 1696481828572 run: 544028 path: qc_mc/ITS/MO/Clusters/Layer2/ClusterOccupation
 looking for a object with timestamp: 1696481828572 run: 544028 path: qc_mc/ITS/MO/Clusters/Layer3/ClusterOccupation
 looking for a object with timestamp: 1696481828572 run: 544028 path: qc_mc/ITS/MO/Clusters/Layer4/ClusterOccupation
 looking for a object with timestamp: 1696481828572 run: 544028 path: qc_mc/ITS/MO/Clusters/Layer5/ClusterOccupation
 looking for a object with timestamp: 1696481828572 run: 544028 path: qc_mc/ITS/MO/Clusters/Layer6/ClusterOccupation
 looking for a object with timestamp: 1696481828572 run: 544028 path: qc_async/ITS/MO/Clusters/Layer0/AverageClusterSize
 looking for a object with timestamp: 1696481828572 run: 544028 path: qc_async/ITS/MO/Clusters/Layer1/AverageClusterSize
 looking for a object with timestamp: 1696481828572 run: 544028 path: qc_async/ITS/MO/Clusters/Layer2/AverageClusterSize
 looking for a object with timestamp: 1696481828572 run: 544028 path: qc_async/ITS/MO/Clusters/Layer3/AverageClusterSize
 looking for a object with timestamp: 1696481828572 run: 544028 path: qc_async/ITS/MO/Clusters/Layer4/AverageClusterSize
 looking for a object with timestamp: 1696481828572 run: 544028 path: qc_async/ITS/MO/Clusters/Layer5/AverageClusterSize
 looking for a object with timestamp: 1696481828572 run: 544028 path: qc_async/ITS/MO/Clusters/Layer6/AverageClusterSize
 looking for a object with timestamp: 1696481828572 run: 544028 path: qc_mc/ITS/MO/Clusters/Layer0/AverageClusterSize
 looking for a object with timestamp: 1696481828572 run: 544028 path: qc_mc/ITS/MO/Clusters/Layer1/AverageClusterSize
 looking for a object with timestamp: 1696481828572 run: 544028 path: qc_mc/ITS/MO/Clusters/Layer2/AverageClusterSize
 looking for a object with timestamp: 1696481828572 run: 544028 path: qc_mc/ITS/MO/Clusters/Layer3/AverageClusterSize
 looking for a object with timestamp: 1696481828572 run: 544028 path: qc_mc/ITS/MO/Clusters/Layer4/AverageClusterSize
 looking for a object with timestamp: 1696481828572 run: 544028 path: qc_mc/ITS/MO/Clusters/Layer5/AverageClusterSize
 looking for a object with timestamp: 1696481828572 run: 544028 path: qc_mc/ITS/MO/Clusters/Layer6/AverageClusterSize
 looking for a object with timestamp: 1696481828572 run: 544028 path: qc_async/ITS/MO/Tracks/AngularDistribution
 looking for a object with timestamp: 1696481828572 run: 544028 path: qc_mc/ITS/MO/Tracks/AngularDistribution
 looking for a object with timestamp: 1696481828572 run: 544028 path: qc_async/ITS/MO/Tracks/EtaDistribution
 looking for a object with timestamp: 1696481828572 run: 544028 path: qc_mc/ITS/MO/Tracks/EtaDistribution
 looking for a object with timestamp: 1696481828572 run: 544028 path: qc_async/ITS/MO/Tracks/PhiDistribution
 looking for a object with timestamp: 1696481828572 run: 544028 path: qc_mc/ITS/MO/Tracks/PhiDistribution
 looking for a object with timestamp: 1696481828572 run: 544028 path: qc_async/ITS/MO/Tracks/VertexZ
 looking for a object with timestamp: 1696481828572 run: 544028 path: qc_mc/ITS/MO/Tracks/VertexZ
 looking for a object with timestamp: 1696481828572 run: 544028 path: qc_async/ITS/MO/Tracks/NClusters
 looking for a object with timestamp: 1696481828572 run: 544028 path: qc_mc/ITS/MO/Tracks/NClusters
 looking for a object with timestamp: 1696481828572 run: 544028 path: qc_async/ITS/MO//
 looking for a object with timestamp: 1696481828572 run: 544028 path: qc_mc/ITS/MO/TracksMc/efficiency_phi
[ERROR] Null pointer passed to FormatHisto! histograms remain unchanged
[ERROR] Null pointer passed to setMinMax! histograms remain unchanged
[ERROR] Null pointer passed to PlotHisto! histograms will not be plotted
[ERROR] Null pointer passed to performRatio! ratio histograms will not be calculated
 looking for a object with timestamp: 1696481828572 run: 544028 path: qc_async/ITS/MO//
 looking for a object with timestamp: 1696481828572 run: 544028 path: qc_mc/ITS/MO/TracksMc/efficiency_pt
[ERROR] Null pointer passed to FormatHisto! histograms remain unchanged
[ERROR] Null pointer passed to setMinMax! histograms remain unchanged
[ERROR] Null pointer passed to PlotHisto! histograms will not be plotted
[ERROR] Null pointer passed to performRatio! ratio histograms will not be calculated
 ------------- run is 544032
 looking for a object with timestamp: 1696483128365 run: 544032 path: qc_async/ITS/MO/Tracks/AssociatedClusterFraction
 looking for a object with timestamp: 1696483128365 run: 544032 path: qc_mc/ITS/MO/Tracks/AssociatedClusterFraction
 looking for a object with timestamp: 1696483128365 run: 544032 path: qc_async/ITS/MO/Clusters/Layer0/ClusterOccupation
 looking for a object with timestamp: 1696483128365 run: 544032 path: qc_async/ITS/MO/Clusters/Layer1/ClusterOccupation
 looking for a object with timestamp: 1696483128365 run: 544032 path: qc_async/ITS/MO/Clusters/Layer2/ClusterOccupation
 looking for a object with timestamp: 1696483128365 run: 544032 path: qc_async/ITS/MO/Clusters/Layer3/ClusterOccupation
 looking for a object with timestamp: 1696483128365 run: 544032 path: qc_async/ITS/MO/Clusters/Layer4/ClusterOccupation
 looking for a object with timestamp: 1696483128365 run: 544032 path: qc_async/ITS/MO/Clusters/Layer5/ClusterOccupation
 looking for a object with timestamp: 1696483128365 run: 544032 path: qc_async/ITS/MO/Clusters/Layer6/ClusterOccupation
 looking for a object with timestamp: 1696483128365 run: 544032 path: qc_mc/ITS/MO/Clusters/Layer0/ClusterOccupation
 looking for a object with timestamp: 1696483128365 run: 544032 path: qc_mc/ITS/MO/Clusters/Layer1/ClusterOccupation
 looking for a object with timestamp: 1696483128365 run: 544032 path: qc_mc/ITS/MO/Clusters/Layer2/ClusterOccupation
 looking for a object with timestamp: 1696483128365 run: 544032 path: qc_mc/ITS/MO/Clusters/Layer3/ClusterOccupation
 looking for a object with timestamp: 1696483128365 run: 544032 path: qc_mc/ITS/MO/Clusters/Layer4/ClusterOccupation
 looking for a object with timestamp: 1696483128365 run: 544032 path: qc_mc/ITS/MO/Clusters/Layer5/ClusterOccupation
 looking for a object with timestamp: 1696483128365 run: 544032 path: qc_mc/ITS/MO/Clusters/Layer6/ClusterOccupation
 looking for a object with timestamp: 1696483128365 run: 544032 path: qc_async/ITS/MO/Clusters/Layer0/AverageClusterSize
 looking for a object with timestamp: 1696483128365 run: 544032 path: qc_async/ITS/MO/Clusters/Layer1/AverageClusterSize
 looking for a object with timestamp: 1696483128365 run: 544032 path: qc_async/ITS/MO/Clusters/Layer2/AverageClusterSize
 looking for a object with timestamp: 1696483128365 run: 544032 path: qc_async/ITS/MO/Clusters/Layer3/AverageClusterSize
 looking for a object with timestamp: 1696483128365 run: 544032 path: qc_async/ITS/MO/Clusters/Layer4/AverageClusterSize
 looking for a object with timestamp: 1696483128365 run: 544032 path: qc_async/ITS/MO/Clusters/Layer5/AverageClusterSize
 looking for a object with timestamp: 1696483128365 run: 544032 path: qc_async/ITS/MO/Clusters/Layer6/AverageClusterSize
 looking for a object with timestamp: 1696483128365 run: 544032 path: qc_mc/ITS/MO/Clusters/Layer0/AverageClusterSize
 looking for a object with timestamp: 1696483128365 run: 544032 path: qc_mc/ITS/MO/Clusters/Layer1/AverageClusterSize
 looking for a object with timestamp: 1696483128365 run: 544032 path: qc_mc/ITS/MO/Clusters/Layer2/AverageClusterSize
 looking for a object with timestamp: 1696483128365 run: 544032 path: qc_mc/ITS/MO/Clusters/Layer3/AverageClusterSize
 looking for a object with timestamp: 1696483128365 run: 544032 path: qc_mc/ITS/MO/Clusters/Layer4/AverageClusterSize
 looking for a object with timestamp: 1696483128365 run: 544032 path: qc_mc/ITS/MO/Clusters/Layer5/AverageClusterSize
 looking for a object with timestamp: 1696483128365 run: 544032 path: qc_mc/ITS/MO/Clusters/Layer6/AverageClusterSize
 looking for a object with timestamp: 1696483128365 run: 544032 path: qc_async/ITS/MO/Tracks/AngularDistribution
 looking for a object with timestamp: 1696483128365 run: 544032 path: qc_mc/ITS/MO/Tracks/AngularDistribution
 looking for a object with timestamp: 1696483128365 run: 544032 path: qc_async/ITS/MO/Tracks/EtaDistribution
 looking for a object with timestamp: 1696483128365 run: 544032 path: qc_mc/ITS/MO/Tracks/EtaDistribution
 looking for a object with timestamp: 1696483128365 run: 544032 path: qc_async/ITS/MO/Tracks/PhiDistribution
 looking for a object with timestamp: 1696483128365 run: 544032 path: qc_mc/ITS/MO/Tracks/PhiDistribution
 looking for a object with timestamp: 1696483128365 run: 544032 path: qc_async/ITS/MO/Tracks/VertexZ
 looking for a object with timestamp: 1696483128365 run: 544032 path: qc_mc/ITS/MO/Tracks/VertexZ
 looking for a object with timestamp: 1696483128365 run: 544032 path: qc_async/ITS/MO/Tracks/NClusters
 looking for a object with timestamp: 1696483128365 run: 544032 path: qc_mc/ITS/MO/Tracks/NClusters
 looking for a object with timestamp: 1696483128365 run: 544032 path: qc_async/ITS/MO//
 looking for a object with timestamp: 1696483128365 run: 544032 path: qc_mc/ITS/MO/TracksMc/efficiency_phi
[ERROR] Null pointer passed to FormatHisto! histograms remain unchanged
[ERROR] Null pointer passed to setMinMax! histograms remain unchanged
[ERROR] Null pointer passed to PlotHisto! histograms will not be plotted
[ERROR] Null pointer passed to performRatio! ratio histograms will not be calculated
 looking for a object with timestamp: 1696483128365 run: 544032 path: qc_async/ITS/MO//
 looking for a object with timestamp: 1696483128365 run: 544032 path: qc_mc/ITS/MO/TracksMc/efficiency_pt
[ERROR] Null pointer passed to FormatHisto! histograms remain unchanged
[ERROR] Null pointer passed to setMinMax! histograms remain unchanged
[ERROR] Null pointer passed to PlotHisto! histograms will not be plotted
[ERROR] Null pointer passed to performRatio! ratio histograms will not be calculated
 ------------- run is 544091
 looking for a object with timestamp: 1696527167467 run: 544091 path: qc_async/ITS/MO/Tracks/AssociatedClusterFraction
 looking for a object with timestamp: 1696527167467 run: 544091 path: qc_mc/ITS/MO/Tracks/AssociatedClusterFraction
 looking for a object with timestamp: 1696527167467 run: 544091 path: qc_async/ITS/MO/Clusters/Layer0/ClusterOccupation
 looking for a object with timestamp: 1696527167467 run: 544091 path: qc_async/ITS/MO/Clusters/Layer1/ClusterOccupation
 looking for a object with timestamp: 1696527167467 run: 544091 path: qc_async/ITS/MO/Clusters/Layer2/ClusterOccupation
 looking for a object with timestamp: 1696527167467 run: 544091 path: qc_async/ITS/MO/Clusters/Layer3/ClusterOccupation
 looking for a object with timestamp: 1696527167467 run: 544091 path: qc_async/ITS/MO/Clusters/Layer4/ClusterOccupation
 looking for a object with timestamp: 1696527167467 run: 544091 path: qc_async/ITS/MO/Clusters/Layer5/ClusterOccupation
 looking for a object with timestamp: 1696527167467 run: 544091 path: qc_async/ITS/MO/Clusters/Layer6/ClusterOccupation
 looking for a object with timestamp: 1696527167467 run: 544091 path: qc_mc/ITS/MO/Clusters/Layer0/ClusterOccupation
 looking for a object with timestamp: 1696527167467 run: 544091 path: qc_mc/ITS/MO/Clusters/Layer1/ClusterOccupation
 looking for a object with timestamp: 1696527167467 run: 544091 path: qc_mc/ITS/MO/Clusters/Layer2/ClusterOccupation
 looking for a object with timestamp: 1696527167467 run: 544091 path: qc_mc/ITS/MO/Clusters/Layer3/ClusterOccupation
 looking for a object with timestamp: 1696527167467 run: 544091 path: qc_mc/ITS/MO/Clusters/Layer4/ClusterOccupation
 looking for a object with timestamp: 1696527167467 run: 544091 path: qc_mc/ITS/MO/Clusters/Layer5/ClusterOccupation
 looking for a object with timestamp: 1696527167467 run: 544091 path: qc_mc/ITS/MO/Clusters/Layer6/ClusterOccupation
 looking for a object with timestamp: 1696527167467 run: 544091 path: qc_async/ITS/MO/Clusters/Layer0/AverageClusterSize
 looking for a object with timestamp: 1696527167467 run: 544091 path: qc_async/ITS/MO/Clusters/Layer1/AverageClusterSize
 looking for a object with timestamp: 1696527167467 run: 544091 path: qc_async/ITS/MO/Clusters/Layer2/AverageClusterSize
 looking for a object with timestamp: 1696527167467 run: 544091 path: qc_async/ITS/MO/Clusters/Layer3/AverageClusterSize
 looking for a object with timestamp: 1696527167467 run: 544091 path: qc_async/ITS/MO/Clusters/Layer4/AverageClusterSize
 looking for a object with timestamp: 1696527167467 run: 544091 path: qc_async/ITS/MO/Clusters/Layer5/AverageClusterSize
 looking for a object with timestamp: 1696527167467 run: 544091 path: qc_async/ITS/MO/Clusters/Layer6/AverageClusterSize
 looking for a object with timestamp: 1696527167467 run: 544091 path: qc_mc/ITS/MO/Clusters/Layer0/AverageClusterSize
 looking for a object with timestamp: 1696527167467 run: 544091 path: qc_mc/ITS/MO/Clusters/Layer1/AverageClusterSize
 looking for a object with timestamp: 1696527167467 run: 544091 path: qc_mc/ITS/MO/Clusters/Layer2/AverageClusterSize
 looking for a object with timestamp: 1696527167467 run: 544091 path: qc_mc/ITS/MO/Clusters/Layer3/AverageClusterSize
 looking for a object with timestamp: 1696527167467 run: 544091 path: qc_mc/ITS/MO/Clusters/Layer4/AverageClusterSize
 looking for a object with timestamp: 1696527167467 run: 544091 path: qc_mc/ITS/MO/Clusters/Layer5/AverageClusterSize
 looking for a object with timestamp: 1696527167467 run: 544091 path: qc_mc/ITS/MO/Clusters/Layer6/AverageClusterSize
 looking for a object with timestamp: 1696527167467 run: 544091 path: qc_async/ITS/MO/Tracks/AngularDistribution
 looking for a object with timestamp: 1696527167467 run: 544091 path: qc_mc/ITS/MO/Tracks/AngularDistribution
 looking for a object with timestamp: 1696527167467 run: 544091 path: qc_async/ITS/MO/Tracks/EtaDistribution
 looking for a object with timestamp: 1696527167467 run: 544091 path: qc_mc/ITS/MO/Tracks/EtaDistribution
 looking for a object with timestamp: 1696527167467 run: 544091 path: qc_async/ITS/MO/Tracks/PhiDistribution
 looking for a object with timestamp: 1696527167467 run: 544091 path: qc_mc/ITS/MO/Tracks/PhiDistribution
 looking for a object with timestamp: 1696527167467 run: 544091 path: qc_async/ITS/MO/Tracks/VertexZ
 looking for a object with timestamp: 1696527167467 run: 544091 path: qc_mc/ITS/MO/Tracks/VertexZ
 looking for a object with timestamp: 1696527167467 run: 544091 path: qc_async/ITS/MO/Tracks/NClusters
 looking for a object with timestamp: 1696527167467 run: 544091 path: qc_mc/ITS/MO/Tracks/NClusters
 looking for a object with timestamp: 1696527167467 run: 544091 path: qc_async/ITS/MO//
 looking for a object with timestamp: 1696527167467 run: 544091 path: qc_mc/ITS/MO/TracksMc/efficiency_phi
[ERROR] Null pointer passed to FormatHisto! histograms remain unchanged
[ERROR] Null pointer passed to setMinMax! histograms remain unchanged
[ERROR] Null pointer passed to PlotHisto! histograms will not be plotted
[ERROR] Null pointer passed to performRatio! ratio histograms will not be calculated
 looking for a object with timestamp: 1696527167467 run: 544091 path: qc_async/ITS/MO//
 looking for a object with timestamp: 1696527167467 run: 544091 path: qc_mc/ITS/MO/TracksMc/efficiency_pt
[ERROR] Null pointer passed to FormatHisto! histograms remain unchanged
[ERROR] Null pointer passed to setMinMax! histograms remain unchanged
[ERROR] Null pointer passed to PlotHisto! histograms will not be plotted
[ERROR] Null pointer passed to performRatio! ratio histograms will not be calculated
 ------------- run is 544095
 looking for a object with timestamp: 1696528927764 run: 544095 path: qc_async/ITS/MO/Tracks/AssociatedClusterFraction
 looking for a object with timestamp: 1696528927764 run: 544095 path: qc_mc/ITS/MO/Tracks/AssociatedClusterFraction
 looking for a object with timestamp: 1696528927764 run: 544095 path: qc_async/ITS/MO/Clusters/Layer0/ClusterOccupation
 looking for a object with timestamp: 1696528927764 run: 544095 path: qc_async/ITS/MO/Clusters/Layer1/ClusterOccupation
 looking for a object with timestamp: 1696528927764 run: 544095 path: qc_async/ITS/MO/Clusters/Layer2/ClusterOccupation
 looking for a object with timestamp: 1696528927764 run: 544095 path: qc_async/ITS/MO/Clusters/Layer3/ClusterOccupation
 looking for a object with timestamp: 1696528927764 run: 544095 path: qc_async/ITS/MO/Clusters/Layer4/ClusterOccupation
 looking for a object with timestamp: 1696528927764 run: 544095 path: qc_async/ITS/MO/Clusters/Layer5/ClusterOccupation
 looking for a object with timestamp: 1696528927764 run: 544095 path: qc_async/ITS/MO/Clusters/Layer6/ClusterOccupation
 looking for a object with timestamp: 1696528927764 run: 544095 path: qc_mc/ITS/MO/Clusters/Layer0/ClusterOccupation
 looking for a object with timestamp: 1696528927764 run: 544095 path: qc_mc/ITS/MO/Clusters/Layer1/ClusterOccupation
 looking for a object with timestamp: 1696528927764 run: 544095 path: qc_mc/ITS/MO/Clusters/Layer2/ClusterOccupation
 looking for a object with timestamp: 1696528927764 run: 544095 path: qc_mc/ITS/MO/Clusters/Layer3/ClusterOccupation
 looking for a object with timestamp: 1696528927764 run: 544095 path: qc_mc/ITS/MO/Clusters/Layer4/ClusterOccupation
 looking for a object with timestamp: 1696528927764 run: 544095 path: qc_mc/ITS/MO/Clusters/Layer5/ClusterOccupation
 looking for a object with timestamp: 1696528927764 run: 544095 path: qc_mc/ITS/MO/Clusters/Layer6/ClusterOccupation
 looking for a object with timestamp: 1696528927764 run: 544095 path: qc_async/ITS/MO/Clusters/Layer0/AverageClusterSize
 looking for a object with timestamp: 1696528927764 run: 544095 path: qc_async/ITS/MO/Clusters/Layer1/AverageClusterSize
 looking for a object with timestamp: 1696528927764 run: 544095 path: qc_async/ITS/MO/Clusters/Layer2/AverageClusterSize
 looking for a object with timestamp: 1696528927764 run: 544095 path: qc_async/ITS/MO/Clusters/Layer3/AverageClusterSize
 looking for a object with timestamp: 1696528927764 run: 544095 path: qc_async/ITS/MO/Clusters/Layer4/AverageClusterSize
 looking for a object with timestamp: 1696528927764 run: 544095 path: qc_async/ITS/MO/Clusters/Layer5/AverageClusterSize
 looking for a object with timestamp: 1696528927764 run: 544095 path: qc_async/ITS/MO/Clusters/Layer6/AverageClusterSize
 looking for a object with timestamp: 1696528927764 run: 544095 path: qc_mc/ITS/MO/Clusters/Layer0/AverageClusterSize
 looking for a object with timestamp: 1696528927764 run: 544095 path: qc_mc/ITS/MO/Clusters/Layer1/AverageClusterSize
 looking for a object with timestamp: 1696528927764 run: 544095 path: qc_mc/ITS/MO/Clusters/Layer2/AverageClusterSize
 looking for a object with timestamp: 1696528927764 run: 544095 path: qc_mc/ITS/MO/Clusters/Layer3/AverageClusterSize
 looking for a object with timestamp: 1696528927764 run: 544095 path: qc_mc/ITS/MO/Clusters/Layer4/AverageClusterSize
 looking for a object with timestamp: 1696528927764 run: 544095 path: qc_mc/ITS/MO/Clusters/Layer5/AverageClusterSize
 looking for a object with timestamp: 1696528927764 run: 544095 path: qc_mc/ITS/MO/Clusters/Layer6/AverageClusterSize
 looking for a object with timestamp: 1696528927764 run: 544095 path: qc_async/ITS/MO/Tracks/AngularDistribution
 looking for a object with timestamp: 1696528927764 run: 544095 path: qc_mc/ITS/MO/Tracks/AngularDistribution
 looking for a object with timestamp: 1696528927764 run: 544095 path: qc_async/ITS/MO/Tracks/EtaDistribution
 looking for a object with timestamp: 1696528927764 run: 544095 path: qc_mc/ITS/MO/Tracks/EtaDistribution
 looking for a object with timestamp: 1696528927764 run: 544095 path: qc_async/ITS/MO/Tracks/PhiDistribution
 looking for a object with timestamp: 1696528927764 run: 544095 path: qc_mc/ITS/MO/Tracks/PhiDistribution
 looking for a object with timestamp: 1696528927764 run: 544095 path: qc_async/ITS/MO/Tracks/VertexZ
 looking for a object with timestamp: 1696528927764 run: 544095 path: qc_mc/ITS/MO/Tracks/VertexZ
 looking for a object with timestamp: 1696528927764 run: 544095 path: qc_async/ITS/MO/Tracks/NClusters
 looking for a object with timestamp: 1696528927764 run: 544095 path: qc_mc/ITS/MO/Tracks/NClusters
 looking for a object with timestamp: 1696528927764 run: 544095 path: qc_async/ITS/MO//
 looking for a object with timestamp: 1696528927764 run: 544095 path: qc_mc/ITS/MO/TracksMc/efficiency_phi
[ERROR] Null pointer passed to FormatHisto! histograms remain unchanged
[ERROR] Null pointer passed to setMinMax! histograms remain unchanged
[ERROR] Null pointer passed to PlotHisto! histograms will not be plotted
[ERROR] Null pointer passed to performRatio! ratio histograms will not be calculated
 looking for a object with timestamp: 1696528927764 run: 544095 path: qc_async/ITS/MO//
 looking for a object with timestamp: 1696528927764 run: 544095 path: qc_mc/ITS/MO/TracksMc/efficiency_pt
[ERROR] Null pointer passed to FormatHisto! histograms remain unchanged
[ERROR] Null pointer passed to setMinMax! histograms remain unchanged
[ERROR] Null pointer passed to PlotHisto! histograms will not be plotted
[ERROR] Null pointer passed to performRatio! ratio histograms will not be calculated
 ------------- run is 544098
 looking for a object with timestamp: 1696531053580 run: 544098 path: qc_async/ITS/MO/Tracks/AssociatedClusterFraction
 looking for a object with timestamp: 1696531053580 run: 544098 path: qc_mc/ITS/MO/Tracks/AssociatedClusterFraction
 looking for a object with timestamp: 1696531053580 run: 544098 path: qc_async/ITS/MO/Clusters/Layer0/ClusterOccupation
 looking for a object with timestamp: 1696531053580 run: 544098 path: qc_async/ITS/MO/Clusters/Layer1/ClusterOccupation
 looking for a object with timestamp: 1696531053580 run: 544098 path: qc_async/ITS/MO/Clusters/Layer2/ClusterOccupation
 looking for a object with timestamp: 1696531053580 run: 544098 path: qc_async/ITS/MO/Clusters/Layer3/ClusterOccupation
 looking for a object with timestamp: 1696531053580 run: 544098 path: qc_async/ITS/MO/Clusters/Layer4/ClusterOccupation
 looking for a object with timestamp: 1696531053580 run: 544098 path: qc_async/ITS/MO/Clusters/Layer5/ClusterOccupation
 looking for a object with timestamp: 1696531053580 run: 544098 path: qc_async/ITS/MO/Clusters/Layer6/ClusterOccupation
 looking for a object with timestamp: 1696531053580 run: 544098 path: qc_mc/ITS/MO/Clusters/Layer0/ClusterOccupation
 looking for a object with timestamp: 1696531053580 run: 544098 path: qc_mc/ITS/MO/Clusters/Layer1/ClusterOccupation
 looking for a object with timestamp: 1696531053580 run: 544098 path: qc_mc/ITS/MO/Clusters/Layer2/ClusterOccupation
 looking for a object with timestamp: 1696531053580 run: 544098 path: qc_mc/ITS/MO/Clusters/Layer3/ClusterOccupation
 looking for a object with timestamp: 1696531053580 run: 544098 path: qc_mc/ITS/MO/Clusters/Layer4/ClusterOccupation
 looking for a object with timestamp: 1696531053580 run: 544098 path: qc_mc/ITS/MO/Clusters/Layer5/ClusterOccupation
 looking for a object with timestamp: 1696531053580 run: 544098 path: qc_mc/ITS/MO/Clusters/Layer6/ClusterOccupation
 looking for a object with timestamp: 1696531053580 run: 544098 path: qc_async/ITS/MO/Clusters/Layer0/AverageClusterSize
 looking for a object with timestamp: 1696531053580 run: 544098 path: qc_async/ITS/MO/Clusters/Layer1/AverageClusterSize
 looking for a object with timestamp: 1696531053580 run: 544098 path: qc_async/ITS/MO/Clusters/Layer2/AverageClusterSize
 looking for a object with timestamp: 1696531053580 run: 544098 path: qc_async/ITS/MO/Clusters/Layer3/AverageClusterSize
 looking for a object with timestamp: 1696531053580 run: 544098 path: qc_async/ITS/MO/Clusters/Layer4/AverageClusterSize
 looking for a object with timestamp: 1696531053580 run: 544098 path: qc_async/ITS/MO/Clusters/Layer5/AverageClusterSize
 looking for a object with timestamp: 1696531053580 run: 544098 path: qc_async/ITS/MO/Clusters/Layer6/AverageClusterSize
 looking for a object with timestamp: 1696531053580 run: 544098 path: qc_mc/ITS/MO/Clusters/Layer0/AverageClusterSize
 looking for a object with timestamp: 1696531053580 run: 544098 path: qc_mc/ITS/MO/Clusters/Layer1/AverageClusterSize
 looking for a object with timestamp: 1696531053580 run: 544098 path: qc_mc/ITS/MO/Clusters/Layer2/AverageClusterSize
 looking for a object with timestamp: 1696531053580 run: 544098 path: qc_mc/ITS/MO/Clusters/Layer3/AverageClusterSize
 looking for a object with timestamp: 1696531053580 run: 544098 path: qc_mc/ITS/MO/Clusters/Layer4/AverageClusterSize
 looking for a object with timestamp: 1696531053580 run: 544098 path: qc_mc/ITS/MO/Clusters/Layer5/AverageClusterSize
 looking for a object with timestamp: 1696531053580 run: 544098 path: qc_mc/ITS/MO/Clusters/Layer6/AverageClusterSize
 looking for a object with timestamp: 1696531053580 run: 544098 path: qc_async/ITS/MO/Tracks/AngularDistribution
 looking for a object with timestamp: 1696531053580 run: 544098 path: qc_mc/ITS/MO/Tracks/AngularDistribution
 looking for a object with timestamp: 1696531053580 run: 544098 path: qc_async/ITS/MO/Tracks/EtaDistribution
 looking for a object with timestamp: 1696531053580 run: 544098 path: qc_mc/ITS/MO/Tracks/EtaDistribution
 looking for a object with timestamp: 1696531053580 run: 544098 path: qc_async/ITS/MO/Tracks/PhiDistribution
 looking for a object with timestamp: 1696531053580 run: 544098 path: qc_mc/ITS/MO/Tracks/PhiDistribution
 looking for a object with timestamp: 1696531053580 run: 544098 path: qc_async/ITS/MO/Tracks/VertexZ
 looking for a object with timestamp: 1696531053580 run: 544098 path: qc_mc/ITS/MO/Tracks/VertexZ
 looking for a object with timestamp: 1696531053580 run: 544098 path: qc_async/ITS/MO/Tracks/NClusters
 looking for a object with timestamp: 1696531053580 run: 544098 path: qc_mc/ITS/MO/Tracks/NClusters
 looking for a object with timestamp: 1696531053580 run: 544098 path: qc_async/ITS/MO//
 looking for a object with timestamp: 1696531053580 run: 544098 path: qc_mc/ITS/MO/TracksMc/efficiency_phi
[ERROR] Null pointer passed to FormatHisto! histograms remain unchanged
[ERROR] Null pointer passed to setMinMax! histograms remain unchanged
[ERROR] Null pointer passed to PlotHisto! histograms will not be plotted
[ERROR] Null pointer passed to performRatio! ratio histograms will not be calculated
 looking for a object with timestamp: 1696531053580 run: 544098 path: qc_async/ITS/MO//
 looking for a object with timestamp: 1696531053580 run: 544098 path: qc_mc/ITS/MO/TracksMc/efficiency_pt
[ERROR] Null pointer passed to FormatHisto! histograms remain unchanged
[ERROR] Null pointer passed to setMinMax! histograms remain unchanged
[ERROR] Null pointer passed to PlotHisto! histograms will not be plotted
[ERROR] Null pointer passed to performRatio! ratio histograms will not be calculated
 ------------- run is 544116
 looking for a object with timestamp: 1696549278654 run: 544116 path: qc_async/ITS/MO/Tracks/AssociatedClusterFraction
 looking for a object with timestamp: 1696549278654 run: 544116 path: qc_mc/ITS/MO/Tracks/AssociatedClusterFraction
 looking for a object with timestamp: 1696549278654 run: 544116 path: qc_async/ITS/MO/Clusters/Layer0/ClusterOccupation
 looking for a object with timestamp: 1696549278654 run: 544116 path: qc_async/ITS/MO/Clusters/Layer1/ClusterOccupation
 looking for a object with timestamp: 1696549278654 run: 544116 path: qc_async/ITS/MO/Clusters/Layer2/ClusterOccupation
 looking for a object with timestamp: 1696549278654 run: 544116 path: qc_async/ITS/MO/Clusters/Layer3/ClusterOccupation
 looking for a object with timestamp: 1696549278654 run: 544116 path: qc_async/ITS/MO/Clusters/Layer4/ClusterOccupation
 looking for a object with timestamp: 1696549278654 run: 544116 path: qc_async/ITS/MO/Clusters/Layer5/ClusterOccupation
 looking for a object with timestamp: 1696549278654 run: 544116 path: qc_async/ITS/MO/Clusters/Layer6/ClusterOccupation
 looking for a object with timestamp: 1696549278654 run: 544116 path: qc_mc/ITS/MO/Clusters/Layer0/ClusterOccupation
 looking for a object with timestamp: 1696549278654 run: 544116 path: qc_mc/ITS/MO/Clusters/Layer1/ClusterOccupation
 looking for a object with timestamp: 1696549278654 run: 544116 path: qc_mc/ITS/MO/Clusters/Layer2/ClusterOccupation
 looking for a object with timestamp: 1696549278654 run: 544116 path: qc_mc/ITS/MO/Clusters/Layer3/ClusterOccupation
 looking for a object with timestamp: 1696549278654 run: 544116 path: qc_mc/ITS/MO/Clusters/Layer4/ClusterOccupation
 looking for a object with timestamp: 1696549278654 run: 544116 path: qc_mc/ITS/MO/Clusters/Layer5/ClusterOccupation
 looking for a object with timestamp: 1696549278654 run: 544116 path: qc_mc/ITS/MO/Clusters/Layer6/ClusterOccupation
 looking for a object with timestamp: 1696549278654 run: 544116 path: qc_async/ITS/MO/Clusters/Layer0/AverageClusterSize
 looking for a object with timestamp: 1696549278654 run: 544116 path: qc_async/ITS/MO/Clusters/Layer1/AverageClusterSize
 looking for a object with timestamp: 1696549278654 run: 544116 path: qc_async/ITS/MO/Clusters/Layer2/AverageClusterSize
 looking for a object with timestamp: 1696549278654 run: 544116 path: qc_async/ITS/MO/Clusters/Layer3/AverageClusterSize
 looking for a object with timestamp: 1696549278654 run: 544116 path: qc_async/ITS/MO/Clusters/Layer4/AverageClusterSize
 looking for a object with timestamp: 1696549278654 run: 544116 path: qc_async/ITS/MO/Clusters/Layer5/AverageClusterSize
 looking for a object with timestamp: 1696549278654 run: 544116 path: qc_async/ITS/MO/Clusters/Layer6/AverageClusterSize
 looking for a object with timestamp: 1696549278654 run: 544116 path: qc_mc/ITS/MO/Clusters/Layer0/AverageClusterSize
 looking for a object with timestamp: 1696549278654 run: 544116 path: qc_mc/ITS/MO/Clusters/Layer1/AverageClusterSize
 looking for a object with timestamp: 1696549278654 run: 544116 path: qc_mc/ITS/MO/Clusters/Layer2/AverageClusterSize
 looking for a object with timestamp: 1696549278654 run: 544116 path: qc_mc/ITS/MO/Clusters/Layer3/AverageClusterSize
 looking for a object with timestamp: 1696549278654 run: 544116 path: qc_mc/ITS/MO/Clusters/Layer4/AverageClusterSize
 looking for a object with timestamp: 1696549278654 run: 544116 path: qc_mc/ITS/MO/Clusters/Layer5/AverageClusterSize
 looking for a object with timestamp: 1696549278654 run: 544116 path: qc_mc/ITS/MO/Clusters/Layer6/AverageClusterSize
 looking for a object with timestamp: 1696549278654 run: 544116 path: qc_async/ITS/MO/Tracks/AngularDistribution
 looking for a object with timestamp: 1696549278654 run: 544116 path: qc_mc/ITS/MO/Tracks/AngularDistribution
 looking for a object with timestamp: 1696549278654 run: 544116 path: qc_async/ITS/MO/Tracks/EtaDistribution
 looking for a object with timestamp: 1696549278654 run: 544116 path: qc_mc/ITS/MO/Tracks/EtaDistribution
 looking for a object with timestamp: 1696549278654 run: 544116 path: qc_async/ITS/MO/Tracks/PhiDistribution
 looking for a object with timestamp: 1696549278654 run: 544116 path: qc_mc/ITS/MO/Tracks/PhiDistribution
 looking for a object with timestamp: 1696549278654 run: 544116 path: qc_async/ITS/MO/Tracks/VertexZ
 looking for a object with timestamp: 1696549278654 run: 544116 path: qc_mc/ITS/MO/Tracks/VertexZ
 looking for a object with timestamp: 1696549278654 run: 544116 path: qc_async/ITS/MO/Tracks/NClusters
 looking for a object with timestamp: 1696549278654 run: 544116 path: qc_mc/ITS/MO/Tracks/NClusters
 looking for a object with timestamp: 1696549278654 run: 544116 path: qc_async/ITS/MO//
 looking for a object with timestamp: 1696549278654 run: 544116 path: qc_mc/ITS/MO/TracksMc/efficiency_phi
[ERROR] Null pointer passed to FormatHisto! histograms remain unchanged
[ERROR] Null pointer passed to setMinMax! histograms remain unchanged
[ERROR] Null pointer passed to PlotHisto! histograms will not be plotted
[ERROR] Null pointer passed to performRatio! ratio histograms will not be calculated
 looking for a object with timestamp: 1696549278654 run: 544116 path: qc_async/ITS/MO//
 looking for a object with timestamp: 1696549278654 run: 544116 path: qc_mc/ITS/MO/TracksMc/efficiency_pt
[ERROR] Null pointer passed to FormatHisto! histograms remain unchanged
[ERROR] Null pointer passed to setMinMax! histograms remain unchanged
[ERROR] Null pointer passed to PlotHisto! histograms will not be plotted
[ERROR] Null pointer passed to performRatio! ratio histograms will not be calculated
 ------------- run is 544121
 looking for a object with timestamp: 1696553064773 run: 544121 path: qc_async/ITS/MO/Tracks/AssociatedClusterFraction
 looking for a object with timestamp: 1696553064773 run: 544121 path: qc_mc/ITS/MO/Tracks/AssociatedClusterFraction
 looking for a object with timestamp: 1696553064773 run: 544121 path: qc_async/ITS/MO/Clusters/Layer0/ClusterOccupation
 looking for a object with timestamp: 1696553064773 run: 544121 path: qc_async/ITS/MO/Clusters/Layer1/ClusterOccupation
 looking for a object with timestamp: 1696553064773 run: 544121 path: qc_async/ITS/MO/Clusters/Layer2/ClusterOccupation
 looking for a object with timestamp: 1696553064773 run: 544121 path: qc_async/ITS/MO/Clusters/Layer3/ClusterOccupation
 looking for a object with timestamp: 1696553064773 run: 544121 path: qc_async/ITS/MO/Clusters/Layer4/ClusterOccupation
 looking for a object with timestamp: 1696553064773 run: 544121 path: qc_async/ITS/MO/Clusters/Layer5/ClusterOccupation
 looking for a object with timestamp: 1696553064773 run: 544121 path: qc_async/ITS/MO/Clusters/Layer6/ClusterOccupation
 looking for a object with timestamp: 1696553064773 run: 544121 path: qc_mc/ITS/MO/Clusters/Layer0/ClusterOccupation
 looking for a object with timestamp: 1696553064773 run: 544121 path: qc_mc/ITS/MO/Clusters/Layer1/ClusterOccupation
 looking for a object with timestamp: 1696553064773 run: 544121 path: qc_mc/ITS/MO/Clusters/Layer2/ClusterOccupation
 looking for a object with timestamp: 1696553064773 run: 544121 path: qc_mc/ITS/MO/Clusters/Layer3/ClusterOccupation
 looking for a object with timestamp: 1696553064773 run: 544121 path: qc_mc/ITS/MO/Clusters/Layer4/ClusterOccupation
 looking for a object with timestamp: 1696553064773 run: 544121 path: qc_mc/ITS/MO/Clusters/Layer5/ClusterOccupation
 looking for a object with timestamp: 1696553064773 run: 544121 path: qc_mc/ITS/MO/Clusters/Layer6/ClusterOccupation
 looking for a object with timestamp: 1696553064773 run: 544121 path: qc_async/ITS/MO/Clusters/Layer0/AverageClusterSize
 looking for a object with timestamp: 1696553064773 run: 544121 path: qc_async/ITS/MO/Clusters/Layer1/AverageClusterSize
 looking for a object with timestamp: 1696553064773 run: 544121 path: qc_async/ITS/MO/Clusters/Layer2/AverageClusterSize
 looking for a object with timestamp: 1696553064773 run: 544121 path: qc_async/ITS/MO/Clusters/Layer3/AverageClusterSize
 looking for a object with timestamp: 1696553064773 run: 544121 path: qc_async/ITS/MO/Clusters/Layer4/AverageClusterSize
 looking for a object with timestamp: 1696553064773 run: 544121 path: qc_async/ITS/MO/Clusters/Layer5/AverageClusterSize
 looking for a object with timestamp: 1696553064773 run: 544121 path: qc_async/ITS/MO/Clusters/Layer6/AverageClusterSize
 looking for a object with timestamp: 1696553064773 run: 544121 path: qc_mc/ITS/MO/Clusters/Layer0/AverageClusterSize
 looking for a object with timestamp: 1696553064773 run: 544121 path: qc_mc/ITS/MO/Clusters/Layer1/AverageClusterSize
 looking for a object with timestamp: 1696553064773 run: 544121 path: qc_mc/ITS/MO/Clusters/Layer2/AverageClusterSize
 looking for a object with timestamp: 1696553064773 run: 544121 path: qc_mc/ITS/MO/Clusters/Layer3/AverageClusterSize
 looking for a object with timestamp: 1696553064773 run: 544121 path: qc_mc/ITS/MO/Clusters/Layer4/AverageClusterSize
 looking for a object with timestamp: 1696553064773 run: 544121 path: qc_mc/ITS/MO/Clusters/Layer5/AverageClusterSize
 looking for a object with timestamp: 1696553064773 run: 544121 path: qc_mc/ITS/MO/Clusters/Layer6/AverageClusterSize
 looking for a object with timestamp: 1696553064773 run: 544121 path: qc_async/ITS/MO/Tracks/AngularDistribution
 looking for a object with timestamp: 1696553064773 run: 544121 path: qc_mc/ITS/MO/Tracks/AngularDistribution
 looking for a object with timestamp: 1696553064773 run: 544121 path: qc_async/ITS/MO/Tracks/EtaDistribution
 looking for a object with timestamp: 1696553064773 run: 544121 path: qc_mc/ITS/MO/Tracks/EtaDistribution
 looking for a object with timestamp: 1696553064773 run: 544121 path: qc_async/ITS/MO/Tracks/PhiDistribution
 looking for a object with timestamp: 1696553064773 run: 544121 path: qc_mc/ITS/MO/Tracks/PhiDistribution
 looking for a object with timestamp: 1696553064773 run: 544121 path: qc_async/ITS/MO/Tracks/VertexZ
 looking for a object with timestamp: 1696553064773 run: 544121 path: qc_mc/ITS/MO/Tracks/VertexZ
 looking for a object with timestamp: 1696553064773 run: 544121 path: qc_async/ITS/MO/Tracks/NClusters
 looking for a object with timestamp: 1696553064773 run: 544121 path: qc_mc/ITS/MO/Tracks/NClusters
 looking for a object with timestamp: 1696553064773 run: 544121 path: qc_async/ITS/MO//
 looking for a object with timestamp: 1696553064773 run: 544121 path: qc_mc/ITS/MO/TracksMc/efficiency_phi
[ERROR] Null pointer passed to FormatHisto! histograms remain unchanged
[ERROR] Null pointer passed to setMinMax! histograms remain unchanged
[ERROR] Null pointer passed to PlotHisto! histograms will not be plotted
[ERROR] Null pointer passed to performRatio! ratio histograms will not be calculated
 looking for a object with timestamp: 1696553064773 run: 544121 path: qc_async/ITS/MO//
 looking for a object with timestamp: 1696553064773 run: 544121 path: qc_mc/ITS/MO/TracksMc/efficiency_pt
[ERROR] Null pointer passed to FormatHisto! histograms remain unchanged
[ERROR] Null pointer passed to setMinMax! histograms remain unchanged
[ERROR] Null pointer passed to PlotHisto! histograms will not be plotted
[ERROR] Null pointer passed to performRatio! ratio histograms will not be calculated
 ------------- run is 544122
 looking for a object with timestamp: 1696558312716 run: 544122 path: qc_async/ITS/MO/Tracks/AssociatedClusterFraction
 looking for a object with timestamp: 1696558312716 run: 544122 path: qc_mc/ITS/MO/Tracks/AssociatedClusterFraction
 looking for a object with timestamp: 1696558312716 run: 544122 path: qc_async/ITS/MO/Clusters/Layer0/ClusterOccupation
 looking for a object with timestamp: 1696558312716 run: 544122 path: qc_async/ITS/MO/Clusters/Layer1/ClusterOccupation
 looking for a object with timestamp: 1696558312716 run: 544122 path: qc_async/ITS/MO/Clusters/Layer2/ClusterOccupation
 looking for a object with timestamp: 1696558312716 run: 544122 path: qc_async/ITS/MO/Clusters/Layer3/ClusterOccupation
 looking for a object with timestamp: 1696558312716 run: 544122 path: qc_async/ITS/MO/Clusters/Layer4/ClusterOccupation
 looking for a object with timestamp: 1696558312716 run: 544122 path: qc_async/ITS/MO/Clusters/Layer5/ClusterOccupation
 looking for a object with timestamp: 1696558312716 run: 544122 path: qc_async/ITS/MO/Clusters/Layer6/ClusterOccupation
 looking for a object with timestamp: 1696558312716 run: 544122 path: qc_mc/ITS/MO/Clusters/Layer0/ClusterOccupation
 looking for a object with timestamp: 1696558312716 run: 544122 path: qc_mc/ITS/MO/Clusters/Layer1/ClusterOccupation
 looking for a object with timestamp: 1696558312716 run: 544122 path: qc_mc/ITS/MO/Clusters/Layer2/ClusterOccupation
 looking for a object with timestamp: 1696558312716 run: 544122 path: qc_mc/ITS/MO/Clusters/Layer3/ClusterOccupation
 looking for a object with timestamp: 1696558312716 run: 544122 path: qc_mc/ITS/MO/Clusters/Layer4/ClusterOccupation
 looking for a object with timestamp: 1696558312716 run: 544122 path: qc_mc/ITS/MO/Clusters/Layer5/ClusterOccupation
 looking for a object with timestamp: 1696558312716 run: 544122 path: qc_mc/ITS/MO/Clusters/Layer6/ClusterOccupation
 looking for a object with timestamp: 1696558312716 run: 544122 path: qc_async/ITS/MO/Clusters/Layer0/AverageClusterSize
 looking for a object with timestamp: 1696558312716 run: 544122 path: qc_async/ITS/MO/Clusters/Layer1/AverageClusterSize
 looking for a object with timestamp: 1696558312716 run: 544122 path: qc_async/ITS/MO/Clusters/Layer2/AverageClusterSize
 looking for a object with timestamp: 1696558312716 run: 544122 path: qc_async/ITS/MO/Clusters/Layer3/AverageClusterSize
 looking for a object with timestamp: 1696558312716 run: 544122 path: qc_async/ITS/MO/Clusters/Layer4/AverageClusterSize
 looking for a object with timestamp: 1696558312716 run: 544122 path: qc_async/ITS/MO/Clusters/Layer5/AverageClusterSize
 looking for a object with timestamp: 1696558312716 run: 544122 path: qc_async/ITS/MO/Clusters/Layer6/AverageClusterSize
 looking for a object with timestamp: 1696558312716 run: 544122 path: qc_mc/ITS/MO/Clusters/Layer0/AverageClusterSize
 looking for a object with timestamp: 1696558312716 run: 544122 path: qc_mc/ITS/MO/Clusters/Layer1/AverageClusterSize
 looking for a object with timestamp: 1696558312716 run: 544122 path: qc_mc/ITS/MO/Clusters/Layer2/AverageClusterSize
 looking for a object with timestamp: 1696558312716 run: 544122 path: qc_mc/ITS/MO/Clusters/Layer3/AverageClusterSize
 looking for a object with timestamp: 1696558312716 run: 544122 path: qc_mc/ITS/MO/Clusters/Layer4/AverageClusterSize
 looking for a object with timestamp: 1696558312716 run: 544122 path: qc_mc/ITS/MO/Clusters/Layer5/AverageClusterSize
 looking for a object with timestamp: 1696558312716 run: 544122 path: qc_mc/ITS/MO/Clusters/Layer6/AverageClusterSize
 looking for a object with timestamp: 1696558312716 run: 544122 path: qc_async/ITS/MO/Tracks/AngularDistribution
 looking for a object with timestamp: 1696558312716 run: 544122 path: qc_mc/ITS/MO/Tracks/AngularDistribution
 looking for a object with timestamp: 1696558312716 run: 544122 path: qc_async/ITS/MO/Tracks/EtaDistribution
 looking for a object with timestamp: 1696558312716 run: 544122 path: qc_mc/ITS/MO/Tracks/EtaDistribution
 looking for a object with timestamp: 1696558312716 run: 544122 path: qc_async/ITS/MO/Tracks/PhiDistribution
 looking for a object with timestamp: 1696558312716 run: 544122 path: qc_mc/ITS/MO/Tracks/PhiDistribution
 looking for a object with timestamp: 1696558312716 run: 544122 path: qc_async/ITS/MO/Tracks/VertexZ
 looking for a object with timestamp: 1696558312716 run: 544122 path: qc_mc/ITS/MO/Tracks/VertexZ
 looking for a object with timestamp: 1696558312716 run: 544122 path: qc_async/ITS/MO/Tracks/NClusters
 looking for a object with timestamp: 1696558312716 run: 544122 path: qc_mc/ITS/MO/Tracks/NClusters
 looking for a object with timestamp: 1696558312716 run: 544122 path: qc_async/ITS/MO//
 looking for a object with timestamp: 1696558312716 run: 544122 path: qc_mc/ITS/MO/TracksMc/efficiency_phi
[ERROR] Null pointer passed to FormatHisto! histograms remain unchanged
[ERROR] Null pointer passed to setMinMax! histograms remain unchanged
[ERROR] Null pointer passed to PlotHisto! histograms will not be plotted
[ERROR] Null pointer passed to performRatio! ratio histograms will not be calculated
 looking for a object with timestamp: 1696558312716 run: 544122 path: qc_async/ITS/MO//
 looking for a object with timestamp: 1696558312716 run: 544122 path: qc_mc/ITS/MO/TracksMc/efficiency_pt
[ERROR] Null pointer passed to FormatHisto! histograms remain unchanged
[ERROR] Null pointer passed to setMinMax! histograms remain unchanged
[ERROR] Null pointer passed to PlotHisto! histograms will not be plotted
[ERROR] Null pointer passed to performRatio! ratio histograms will not be calculated
 ------------- run is 544123
 looking for a object with timestamp: 1696561925192 run: 544123 path: qc_async/ITS/MO/Tracks/AssociatedClusterFraction
 looking for a object with timestamp: 1696561925192 run: 544123 path: qc_mc/ITS/MO/Tracks/AssociatedClusterFraction
 looking for a object with timestamp: 1696561925192 run: 544123 path: qc_async/ITS/MO/Clusters/Layer0/ClusterOccupation
 looking for a object with timestamp: 1696561925192 run: 544123 path: qc_async/ITS/MO/Clusters/Layer1/ClusterOccupation
 looking for a object with timestamp: 1696561925192 run: 544123 path: qc_async/ITS/MO/Clusters/Layer2/ClusterOccupation
 looking for a object with timestamp: 1696561925192 run: 544123 path: qc_async/ITS/MO/Clusters/Layer3/ClusterOccupation
 looking for a object with timestamp: 1696561925192 run: 544123 path: qc_async/ITS/MO/Clusters/Layer4/ClusterOccupation
 looking for a object with timestamp: 1696561925192 run: 544123 path: qc_async/ITS/MO/Clusters/Layer5/ClusterOccupation
 looking for a object with timestamp: 1696561925192 run: 544123 path: qc_async/ITS/MO/Clusters/Layer6/ClusterOccupation
 looking for a object with timestamp: 1696561925192 run: 544123 path: qc_mc/ITS/MO/Clusters/Layer0/ClusterOccupation
 looking for a object with timestamp: 1696561925192 run: 544123 path: qc_mc/ITS/MO/Clusters/Layer1/ClusterOccupation
 looking for a object with timestamp: 1696561925192 run: 544123 path: qc_mc/ITS/MO/Clusters/Layer2/ClusterOccupation
 looking for a object with timestamp: 1696561925192 run: 544123 path: qc_mc/ITS/MO/Clusters/Layer3/ClusterOccupation
 looking for a object with timestamp: 1696561925192 run: 544123 path: qc_mc/ITS/MO/Clusters/Layer4/ClusterOccupation
 looking for a object with timestamp: 1696561925192 run: 544123 path: qc_mc/ITS/MO/Clusters/Layer5/ClusterOccupation
 looking for a object with timestamp: 1696561925192 run: 544123 path: qc_mc/ITS/MO/Clusters/Layer6/ClusterOccupation
 looking for a object with timestamp: 1696561925192 run: 544123 path: qc_async/ITS/MO/Clusters/Layer0/AverageClusterSize
 looking for a object with timestamp: 1696561925192 run: 544123 path: qc_async/ITS/MO/Clusters/Layer1/AverageClusterSize
 looking for a object with timestamp: 1696561925192 run: 544123 path: qc_async/ITS/MO/Clusters/Layer2/AverageClusterSize
 looking for a object with timestamp: 1696561925192 run: 544123 path: qc_async/ITS/MO/Clusters/Layer3/AverageClusterSize
 looking for a object with timestamp: 1696561925192 run: 544123 path: qc_async/ITS/MO/Clusters/Layer4/AverageClusterSize
 looking for a object with timestamp: 1696561925192 run: 544123 path: qc_async/ITS/MO/Clusters/Layer5/AverageClusterSize
 looking for a object with timestamp: 1696561925192 run: 544123 path: qc_async/ITS/MO/Clusters/Layer6/AverageClusterSize
 looking for a object with timestamp: 1696561925192 run: 544123 path: qc_mc/ITS/MO/Clusters/Layer0/AverageClusterSize
 looking for a object with timestamp: 1696561925192 run: 544123 path: qc_mc/ITS/MO/Clusters/Layer1/AverageClusterSize
 looking for a object with timestamp: 1696561925192 run: 544123 path: qc_mc/ITS/MO/Clusters/Layer2/AverageClusterSize
 looking for a object with timestamp: 1696561925192 run: 544123 path: qc_mc/ITS/MO/Clusters/Layer3/AverageClusterSize
 looking for a object with timestamp: 1696561925192 run: 544123 path: qc_mc/ITS/MO/Clusters/Layer4/AverageClusterSize
 looking for a object with timestamp: 1696561925192 run: 544123 path: qc_mc/ITS/MO/Clusters/Layer5/AverageClusterSize
 looking for a object with timestamp: 1696561925192 run: 544123 path: qc_mc/ITS/MO/Clusters/Layer6/AverageClusterSize
 looking for a object with timestamp: 1696561925192 run: 544123 path: qc_async/ITS/MO/Tracks/AngularDistribution
 looking for a object with timestamp: 1696561925192 run: 544123 path: qc_mc/ITS/MO/Tracks/AngularDistribution
 looking for a object with timestamp: 1696561925192 run: 544123 path: qc_async/ITS/MO/Tracks/EtaDistribution
 looking for a object with timestamp: 1696561925192 run: 544123 path: qc_mc/ITS/MO/Tracks/EtaDistribution
 looking for a object with timestamp: 1696561925192 run: 544123 path: qc_async/ITS/MO/Tracks/PhiDistribution
 looking for a object with timestamp: 1696561925192 run: 544123 path: qc_mc/ITS/MO/Tracks/PhiDistribution
 looking for a object with timestamp: 1696561925192 run: 544123 path: qc_async/ITS/MO/Tracks/VertexZ
 looking for a object with timestamp: 1696561925192 run: 544123 path: qc_mc/ITS/MO/Tracks/VertexZ
 looking for a object with timestamp: 1696561925192 run: 544123 path: qc_async/ITS/MO/Tracks/NClusters
 looking for a object with timestamp: 1696561925192 run: 544123 path: qc_mc/ITS/MO/Tracks/NClusters
 looking for a object with timestamp: 1696561925192 run: 544123 path: qc_async/ITS/MO//
 looking for a object with timestamp: 1696561925192 run: 544123 path: qc_mc/ITS/MO/TracksMc/efficiency_phi
[ERROR] Null pointer passed to FormatHisto! histograms remain unchanged
[ERROR] Null pointer passed to setMinMax! histograms remain unchanged
[ERROR] Null pointer passed to PlotHisto! histograms will not be plotted
[ERROR] Null pointer passed to performRatio! ratio histograms will not be calculated
 looking for a object with timestamp: 1696561925192 run: 544123 path: qc_async/ITS/MO//
 looking for a object with timestamp: 1696561925192 run: 544123 path: qc_mc/ITS/MO/TracksMc/efficiency_pt
[ERROR] Null pointer passed to FormatHisto! histograms remain unchanged
[ERROR] Null pointer passed to setMinMax! histograms remain unchanged
[ERROR] Null pointer passed to PlotHisto! histograms will not be plotted
[ERROR] Null pointer passed to performRatio! ratio histograms will not be calculated
 ------------- run is 544124
 looking for a object with timestamp: 1696574158234 run: 544124 path: qc_async/ITS/MO/Tracks/AssociatedClusterFraction
 looking for a object with timestamp: 1696574158234 run: 544124 path: qc_mc/ITS/MO/Tracks/AssociatedClusterFraction
 looking for a object with timestamp: 1696574158234 run: 544124 path: qc_async/ITS/MO/Clusters/Layer0/ClusterOccupation
 looking for a object with timestamp: 1696574158234 run: 544124 path: qc_async/ITS/MO/Clusters/Layer1/ClusterOccupation
 looking for a object with timestamp: 1696574158234 run: 544124 path: qc_async/ITS/MO/Clusters/Layer2/ClusterOccupation
 looking for a object with timestamp: 1696574158234 run: 544124 path: qc_async/ITS/MO/Clusters/Layer3/ClusterOccupation
 looking for a object with timestamp: 1696574158234 run: 544124 path: qc_async/ITS/MO/Clusters/Layer4/ClusterOccupation
 looking for a object with timestamp: 1696574158234 run: 544124 path: qc_async/ITS/MO/Clusters/Layer5/ClusterOccupation
 looking for a object with timestamp: 1696574158234 run: 544124 path: qc_async/ITS/MO/Clusters/Layer6/ClusterOccupation
 looking for a object with timestamp: 1696574158234 run: 544124 path: qc_mc/ITS/MO/Clusters/Layer0/ClusterOccupation
 looking for a object with timestamp: 1696574158234 run: 544124 path: qc_mc/ITS/MO/Clusters/Layer1/ClusterOccupation
 looking for a object with timestamp: 1696574158234 run: 544124 path: qc_mc/ITS/MO/Clusters/Layer2/ClusterOccupation
 looking for a object with timestamp: 1696574158234 run: 544124 path: qc_mc/ITS/MO/Clusters/Layer3/ClusterOccupation
 looking for a object with timestamp: 1696574158234 run: 544124 path: qc_mc/ITS/MO/Clusters/Layer4/ClusterOccupation
 looking for a object with timestamp: 1696574158234 run: 544124 path: qc_mc/ITS/MO/Clusters/Layer5/ClusterOccupation
 looking for a object with timestamp: 1696574158234 run: 544124 path: qc_mc/ITS/MO/Clusters/Layer6/ClusterOccupation
 looking for a object with timestamp: 1696574158234 run: 544124 path: qc_async/ITS/MO/Clusters/Layer0/AverageClusterSize
 looking for a object with timestamp: 1696574158234 run: 544124 path: qc_async/ITS/MO/Clusters/Layer1/AverageClusterSize
 looking for a object with timestamp: 1696574158234 run: 544124 path: qc_async/ITS/MO/Clusters/Layer2/AverageClusterSize
 looking for a object with timestamp: 1696574158234 run: 544124 path: qc_async/ITS/MO/Clusters/Layer3/AverageClusterSize
 looking for a object with timestamp: 1696574158234 run: 544124 path: qc_async/ITS/MO/Clusters/Layer4/AverageClusterSize
 looking for a object with timestamp: 1696574158234 run: 544124 path: qc_async/ITS/MO/Clusters/Layer5/AverageClusterSize
 looking for a object with timestamp: 1696574158234 run: 544124 path: qc_async/ITS/MO/Clusters/Layer6/AverageClusterSize
 looking for a object with timestamp: 1696574158234 run: 544124 path: qc_mc/ITS/MO/Clusters/Layer0/AverageClusterSize
 looking for a object with timestamp: 1696574158234 run: 544124 path: qc_mc/ITS/MO/Clusters/Layer1/AverageClusterSize
 looking for a object with timestamp: 1696574158234 run: 544124 path: qc_mc/ITS/MO/Clusters/Layer2/AverageClusterSize
 looking for a object with timestamp: 1696574158234 run: 544124 path: qc_mc/ITS/MO/Clusters/Layer3/AverageClusterSize
 looking for a object with timestamp: 1696574158234 run: 544124 path: qc_mc/ITS/MO/Clusters/Layer4/AverageClusterSize
 looking for a object with timestamp: 1696574158234 run: 544124 path: qc_mc/ITS/MO/Clusters/Layer5/AverageClusterSize
 looking for a object with timestamp: 1696574158234 run: 544124 path: qc_mc/ITS/MO/Clusters/Layer6/AverageClusterSize
 looking for a object with timestamp: 1696574158234 run: 544124 path: qc_async/ITS/MO/Tracks/AngularDistribution
 looking for a object with timestamp: 1696574158234 run: 544124 path: qc_mc/ITS/MO/Tracks/AngularDistribution
 looking for a object with timestamp: 1696574158234 run: 544124 path: qc_async/ITS/MO/Tracks/EtaDistribution
 looking for a object with timestamp: 1696574158234 run: 544124 path: qc_mc/ITS/MO/Tracks/EtaDistribution
 looking for a object with timestamp: 1696574158234 run: 544124 path: qc_async/ITS/MO/Tracks/PhiDistribution
 looking for a object with timestamp: 1696574158234 run: 544124 path: qc_mc/ITS/MO/Tracks/PhiDistribution
 looking for a object with timestamp: 1696574158234 run: 544124 path: qc_async/ITS/MO/Tracks/VertexZ
 looking for a object with timestamp: 1696574158234 run: 544124 path: qc_mc/ITS/MO/Tracks/VertexZ
 looking for a object with timestamp: 1696574158234 run: 544124 path: qc_async/ITS/MO/Tracks/NClusters
 looking for a object with timestamp: 1696574158234 run: 544124 path: qc_mc/ITS/MO/Tracks/NClusters
 looking for a object with timestamp: 1696574158234 run: 544124 path: qc_async/ITS/MO//
 looking for a object with timestamp: 1696574158234 run: 544124 path: qc_mc/ITS/MO/TracksMc/efficiency_phi
[ERROR] Null pointer passed to FormatHisto! histograms remain unchanged
[ERROR] Null pointer passed to setMinMax! histograms remain unchanged
[ERROR] Null pointer passed to PlotHisto! histograms will not be plotted
[ERROR] Null pointer passed to performRatio! ratio histograms will not be calculated
 looking for a object with timestamp: 1696574158234 run: 544124 path: qc_async/ITS/MO//
 looking for a object with timestamp: 1696574158234 run: 544124 path: qc_mc/ITS/MO/TracksMc/efficiency_pt
[ERROR] Null pointer passed to FormatHisto! histograms remain unchanged
[ERROR] Null pointer passed to setMinMax! histograms remain unchanged
[ERROR] Null pointer passed to PlotHisto! histograms will not be plotted
[ERROR] Null pointer passed to performRatio! ratio histograms will not be calculated
